2025-09-01 12:39:45,638 - app - INFO - Accessing admin_panel route
2025-09-01 12:41:59,004 - app - INFO - Accessing admin_panel route
2025-09-01 12:42:25,686 - app - ERROR - An unexpected error occurred during login: no such table: users
Traceback (most recent call last):
  File "E:\HR5\backend\app.py", line 527, in admin_login
    cursor.execute("SELECT * FROM users WHERE username = ?", (username,))
    ~~~~~~~~~~~~~~^^^^^^^^^^^^^^^^^^^^^^^^^^^^^^^^^^^^^^^^^^^^^^^^^^^^^^^
sqlite3.OperationalError: no such table: users
2025-09-01 12:51:57,849 - app - ERROR - An unexpected error occurred during login: no such table: users
Traceback (most recent call last):
  File "E:\HR5\backend\app.py", line 527, in admin_login
    cursor = conn.cursor()
sqlite3.OperationalError: no such table: users
2025-09-01 12:52:02,904 - app - INFO - Accessing admin_panel route
2025-09-01 12:52:10,502 - app - INFO - Accessing admin_panel route
2025-09-01 12:52:51,092 - app - INFO - Serving admin_panel.html
2025-09-01 12:56:44,828 - app - WARNING - Failed login attempt for username: 'admin'. Invalid credentials.
2025-09-01 12:56:49,510 - app - INFO - User 'admin' logged in successfully.
2025-09-01 12:56:49,542 - app - INFO - Serving admin_panel.html
2025-09-01 13:06:50,269 - app - INFO - Serving admin_panel.html
2025-09-01 13:10:41,135 - app - INFO - User 'admin' logged in successfully.
2025-09-01 13:10:41,159 - app - INFO - Serving admin_panel.html
2025-09-01 13:15:51,353 - app - INFO - User 'admin' logged in successfully.
2025-09-01 13:15:51,706 - app - INFO - Serving admin_panel.html
2025-09-01 13:20:54,178 - app - INFO - Serving admin_panel.html
2025-09-01 13:21:48,638 - app - INFO - Serving admin_panel.html
2025-09-01 13:22:57,193 - app - INFO - Serving admin_panel.html
2025-09-01 13:37:01,426 - app - WARNING - Schema check/migration failed: no such column: created_at
2025-09-01 13:37:04,994 - app - INFO - Serving admin_panel.html
2025-09-01 13:37:05,002 - app - INFO - Serving admin_panel.html
2025-09-01 13:37:29,863 - app - INFO - Serving admin_panel.html
2025-09-01 13:37:42,436 - app - INFO - Serving admin_panel.html
2025-09-01 13:37:43,850 - app - INFO - Serving admin_panel.html
2025-09-01 13:38:00,354 - app - INFO - Serving admin_panel.html
2025-09-01 13:38:02,595 - app - INFO - Serving admin_panel.html
2025-09-01 13:38:03,751 - app - INFO - Serving admin_panel.html
2025-09-01 13:41:27,718 - app - INFO - Serving admin_panel.html
2025-09-01 13:41:32,784 - app - INFO - Serving admin_panel.html
2025-09-01 13:41:33,541 - app - INFO - Serving admin_panel.html
2025-09-01 13:47:50,267 - app - INFO - Serving admin_panel.html
2025-09-01 13:47:51,121 - app - INFO - Serving admin_panel.html
2025-09-01 13:47:51,382 - app - INFO - Serving admin_panel.html
2025-09-01 13:47:51,528 - app - INFO - Serving admin_panel.html
2025-09-01 13:53:51,514 - app - INFO - Serving admin_panel.html
2025-09-01 13:57:44,882 - app - INFO - Serving admin_panel.html
2025-09-01 14:00:38,873 - app - INFO - Serving admin_panel.html
2025-09-01 14:00:57,885 - app - INFO - Serving admin_panel.html
2025-09-01 14:05:19,734 - app - INFO - Serving admin_panel.html
2025-09-01 14:05:21,848 - app - INFO - Serving admin_panel.html
2025-09-01 14:13:21,776 - app - INFO - Serving admin_panel.html
2025-09-01 14:14:12,687 - app - INFO - Serving admin_panel.html
2025-09-01 14:14:48,865 - app - INFO - Serving admin_panel.html
2025-09-01 14:20:18,772 - app - INFO - Serving admin_panel.html
2025-09-01 14:26:03,484 - app - INFO - Serving admin_panel.html
2025-09-01 14:26:05,574 - app - INFO - Serving admin_panel.html
2025-09-01 14:26:07,161 - app - INFO - Serving admin_panel.html
2025-09-01 14:26:09,780 - app - INFO - Serving admin_panel.html
2025-09-01 14:31:01,132 - app - INFO - Serving admin_panel.html
2025-09-01 14:31:43,301 - app - WARNING - Failed login attempt for username: 'admin'. Invalid credentials.
2025-09-01 14:31:48,426 - app - INFO - User 'admin' logged in successfully.
2025-09-01 14:31:48,509 - app - INFO - Serving admin_panel.html
2025-09-01 14:43:02,024 - app - INFO - Serving admin_panel.html
2025-09-01 14:43:03,769 - app - INFO - Serving admin_panel.html
2025-09-01 14:43:11,069 - app - INFO - Serving admin_panel.html
2025-09-01 14:43:25,748 - app - INFO - User 'admin' logged in successfully.
2025-09-01 14:43:25,785 - app - INFO - Serving admin_panel.html
2025-09-01 14:49:25,603 - app - INFO - Serving admin_panel.html
2025-09-01 14:54:24,911 - app - INFO - Serving admin_panel.html
2025-09-01 14:54:52,143 - app - INFO - Serving admin_panel.html
2025-09-01 14:57:32,603 - app - INFO - Serving admin_panel.html
2025-09-01 15:10:25,076 - app - INFO - Serving admin_panel.html
2025-09-01 15:21:08,191 - app - INFO - Serving admin_panel.html
2025-09-01 15:21:40,175 - app - INFO - Serving admin_panel.html
2025-09-01 15:21:40,889 - app - INFO - Serving admin_panel.html
2025-09-01 15:26:08,582 - app - INFO - Serving admin_panel.html
